<?xml version="1.0" encoding="UTF-8"?>
<!-- Generated by org.testng.reporters.JUnitXMLReporter -->
<testsuite ignored="3" hostname="DESKTOP-JFDPES6" failures="0" tests="1" name="Test" time="17.99" errors="0" timestamp="09 Sept 2023 07:12:09 GMT">
  <testcase classname="org.pojologin.TestngopleExecution" name="tc3" time="0.566"/>
  <testcase classname="org.pojologin.TestngopleExecution" name="tc1" time="0.0">
    <ignored/>
  </testcase> <!-- tc1 -->
  <testcase classname="org.pojologin.TestngopleExecution" name="tc4" time="0.0">
    <ignored/>
  </testcase> <!-- tc4 -->
  <testcase classname="org.pojologin.TestngopleExecution" name="tc5" time="0.0">
    <ignored/>
  </testcase> <!-- tc5 -->
</testsuite> <!-- Test -->
