<?xml version="1.0" encoding="UTF-8"?>
<testng-results ignored="3" total="4" passed="1" failed="0" skipped="0">
  <reporter-output>
  </reporter-output>
  <suite started-at="2023-09-09T07:11:51Z" name="Suite" finished-at="2023-09-09T07:12:09Z" duration-ms="17990">
    <groups>
      <group name="Smoke">
        <method signature="TestngopleExecution.tc3()[pri:-2, instance:org.pojologin.TestngopleExecution@69c81773]" name="tc3" class="org.pojologin.TestngopleExecution"/>
      </group> <!-- Smoke -->
    </groups>
    <test started-at="2023-09-09T07:11:51Z" name="Test" finished-at="2023-09-09T07:12:09Z" duration-ms="17990">
      <class name="org.pojologin.TestngopleExecution">
        <test-method is-config="true" signature="beforetc()[pri:0, instance:org.pojologin.TestngopleExecution@69c81773]" started-at="2023-09-09T07:11:51Z" name="beforetc" finished-at="2023-09-09T07:12:09Z" duration-ms="17345" status="PASS">
          <reporter-output>
          </reporter-output>
        </test-method> <!-- beforetc -->
        <test-method is-config="true" signature="beforeTc()[pri:0, instance:org.pojologin.TestngopleExecution@69c81773]" started-at="2023-09-09T07:12:09Z" name="beforeTc" finished-at="2023-09-09T07:12:09Z" duration-ms="35" status="PASS">
          <reporter-output>
          </reporter-output>
        </test-method> <!-- beforeTc -->
        <test-method signature="tc3()[pri:-2, instance:org.pojologin.TestngopleExecution@69c81773]" started-at="2023-09-09T07:12:09Z" name="tc3" finished-at="2023-09-09T07:12:09Z" duration-ms="566" status="PASS">
          <reporter-output>
          </reporter-output>
        </test-method> <!-- tc3 -->
      </class> <!-- org.pojologin.TestngopleExecution -->
    </test> <!-- Test -->
  </suite> <!-- Suite -->
</testng-results>
